<?xml version="1.0" encoding="UTF-8"?>
<!-- Generated by org.testng.reporters.JUnitReportReporter -->
<testsuite skipped="0" hostname="WKWIN3823238" name="APITest.TestPostReq" tests="2" failures="0" timestamp="2020-08-29T23:10:33 IST" time="3.805" errors="0">
  <testcase name="testHttp" time="0.963" classname="APITest.TestPostReq"/>
  <system-out/>
  <testcase name="firstPost" time="2.842" classname="APITest.TestPostReq"/>
  <system-out/>
</testsuite> <!-- APITest.TestPostReq -->
