<?xml version="1.0" encoding="UTF-8"?>
<!-- Generated by org.testng.reporters.JUnitReportReporter -->
<testsuite skipped="0" hostname="WKWIN3823238" name="practicesel.TestActions" tests="1" failures="0" timestamp="2020-09-02T19:03:09 IST" time="11.830" errors="0">
  <testcase name="initializeDriver" time="11.830" classname="practicesel.TestActions"/>
  <system-out/>
</testsuite> <!-- practicesel.TestActions -->
