<?xml version="1.0" encoding="UTF-8"?>
<!-- Generated by org.testng.reporters.JUnitReportReporter -->
<testsuite skipped="0" hostname="WKWIN3823238" name="APITest.GetOpenExchangeLatest" tests="1" failures="0" timestamp="2020-09-02T15:25:35 IST" time="4.452" errors="0">
  <testcase name="testGet" time="4.452" classname="APITest.GetOpenExchangeLatest"/>
  <system-out/>
</testsuite> <!-- APITest.GetOpenExchangeLatest -->
